[2025-08-28 18:18:03] [sem_trace] [desconhecida] [Helpers\BitrixHelper::chamarApi] - [sem_trace] Endpoint: crm.item.list | HTTP: 200 | Erro: 
[2025-08-28 18:19:34] [sem_trace] [desconhecida] [Helpers\BitrixHelper::chamarApi] - [sem_trace] Endpoint: crm.item.list | HTTP: 200 | Erro: 
[2025-08-28 18:19:46] [sem_trace] [desconhecida] [Helpers\BitrixHelper::chamarApi] - [sem_trace] Endpoint: crm.item.list | HTTP: 200 | Erro: 
[2025-08-28 18:19:50] [sem_trace] [desconhecida] [Helpers\BitrixHelper::chamarApi] - [sem_trace] Endpoint: crm.item.list | HTTP: 200 | Erro: 
[2025-08-28 18:30:39] [sem_trace] [desconhecida] [Helpers\BitrixHelper::chamarApi] - [sem_trace] Endpoint: crm.item.list | HTTP: 200 | Erro: 
[2025-08-28 18:30:49] [sem_trace] [desconhecida] [Helpers\BitrixHelper::chamarApi] - [sem_trace] Endpoint: crm.item.add | HTTP: 200 | Erro: 
[2025-08-28 18:33:02] [sem_trace] [desconhecida] [Helpers\BitrixHelper::chamarApi] - [sem_trace] Endpoint: crm.item.list | HTTP: 200 | Erro: 
[2025-08-28 18:35:42] [sem_trace] [desconhecida] [TelenetWebhookController::executar] - Buscando deal com filtros: {"ufCrm41_1727802471":"asdasd"}
[2025-08-28 18:35:43] [sem_trace] [desconhecida] [Helpers\BitrixHelper::chamarApi] - [sem_trace] Endpoint: crm.item.list | HTTP: 200 | Erro: 
[2025-08-28 18:35:43] [sem_trace] [desconhecida] [TelenetWebhookController::executar] - Resultado da busca: {"success":true,"items":[{"id":5498,"ufCrm41_1727802471":"asdasd"}],"total":1,"paginas_processadas":1}
[2025-08-28 18:35:49] [sem_trace] [desconhecida] [TelenetWebhookController::executar] - Buscando deal com filtros: {"ufCrm41_1727802471":"asdasd"}
[2025-08-28 18:35:49] [sem_trace] [desconhecida] [Helpers\BitrixHelper::chamarApi] - [sem_trace] Endpoint: crm.item.list | HTTP: 200 | Erro: 
[2025-08-28 18:35:49] [sem_trace] [desconhecida] [TelenetWebhookController::executar] - Resultado da busca: {"success":true,"items":[{"id":5498,"ufCrm41_1727802471":"asdasd"}],"total":1,"paginas_processadas":1}
[2025-08-28 18:37:43] [sem_trace] [desconhecida] [TelenetWebhookController::executar] - Buscando deal com filtros: {"ufCrm41_1727802471":"asdasd"}
[2025-08-28 18:37:44] [sem_trace] [desconhecida] [Helpers\BitrixHelper::chamarApi] - [sem_trace] Endpoint: crm.item.list | HTTP: 200 | Erro: 
[2025-08-28 18:37:44] [sem_trace] [desconhecida] [TelenetWebhookController::executar] - Resultado da busca: {"success":true,"items":[{"id":5498,"ufCrm41_1727802471":"asdasd"}],"total":1,"paginas_processadas":1}
[2025-08-28 18:38:44] [sem_trace] [desconhecida] [TelenetWebhookController::executar] - Buscando deal com filtros: {"ufCrm41_1727802471":"asdasd"}
[2025-08-28 18:38:44] [sem_trace] [desconhecida] [Helpers\BitrixHelper::chamarApi] - [sem_trace] Endpoint: crm.item.list | HTTP: 200 | Erro: 
[2025-08-28 18:38:44] [sem_trace] [desconhecida] [TelenetWebhookController::executar] - Resultado da busca: {"success":true,"items":[{"id":5498,"ufCrm41_1727802471":"asdasd"}],"total":1,"paginas_processadas":1}
[2025-08-28 18:38:45] [sem_trace] [desconhecida] [Helpers\BitrixHelper::chamarApi] - [sem_trace] Endpoint: crm.item.update | HTTP: 200 | Erro: 
[2025-08-28 18:39:59] [sem_trace] [desconhecida] [TelenetWebhookController::executar] - Buscando deal com filtros: {"ufCrm41_1727802471":"asdasd"}
[2025-08-28 18:39:59] [sem_trace] [desconhecida] [Helpers\BitrixHelper::chamarApi] - [sem_trace] Endpoint: crm.item.list | HTTP: 200 | Erro: 
[2025-08-28 18:39:59] [sem_trace] [desconhecida] [TelenetWebhookController::executar] - Resultado da busca: {"success":true,"items":[{"id":5498,"ufCrm41_1727802471":"asdasd"}],"total":1,"paginas_processadas":1}
[2025-08-28 18:40:00] [sem_trace] [desconhecida] [Helpers\BitrixHelper::chamarApi] - [sem_trace] Endpoint: crm.item.update | HTTP: 200 | Erro: 
[2025-08-28 18:43:51] [sem_trace] [desconhecida] [Helpers\BitrixHelper::chamarApi] - [sem_trace] Endpoint: crm.item.list | HTTP: 200 | Erro: 
[2025-08-28 18:43:51] [sem_trace] [desconhecida] [Helpers\BitrixHelper::chamarApi] - [sem_trace] Endpoint: crm.item.update | HTTP: 200 | Erro: 
[2025-08-28 18:43:51] [sem_trace] [desconhecida] [Helpers\BitrixHelper::chamarApi] - [sem_trace] Endpoint: crm.timeline.comment.add | HTTP: 400 | Erro:  | Descrição: Owner was not found
[2025-08-28 18:43:51] [sem_trace] [desconhecida] [Helpers\BitrixHelper::adicionarComentarioTimeline] - FALHA AO ADICIONAR COMENTÁRIO - EntityID: 5498, EntityType: T1054 - Erro: {"error":"OWNER_NOT_FOUND","error_description":"Owner was not found"}
[2025-08-28 18:44:08] [sem_trace] [desconhecida] [Helpers\BitrixHelper::chamarApi] - [sem_trace] Endpoint: crm.item.list | HTTP: 200 | Erro: 
[2025-08-28 18:44:08] [sem_trace] [desconhecida] [Helpers\BitrixHelper::chamarApi] - [sem_trace] Endpoint: crm.item.update | HTTP: 200 | Erro: 
[2025-08-28 18:44:08] [sem_trace] [desconhecida] [Helpers\BitrixHelper::chamarApi] - [sem_trace] Endpoint: crm.timeline.comment.add | HTTP: 400 | Erro:  | Descrição: Owner was not found
[2025-08-28 18:44:08] [sem_trace] [desconhecida] [Helpers\BitrixHelper::adicionarComentarioTimeline] - FALHA AO ADICIONAR COMENTÁRIO - EntityID: 5498, EntityType: T1054 - Erro: {"error":"OWNER_NOT_FOUND","error_description":"Owner was not found"}
[2025-08-28 18:44:16] [sem_trace] [desconhecida] [Helpers\BitrixHelper::chamarApi] - [sem_trace] Endpoint: crm.item.list | HTTP: 200 | Erro: 
[2025-08-28 18:44:17] [sem_trace] [desconhecida] [Helpers\BitrixHelper::chamarApi] - [sem_trace] Endpoint: crm.item.update | HTTP: 200 | Erro: 
[2025-08-28 18:44:17] [sem_trace] [desconhecida] [Helpers\BitrixHelper::chamarApi] - [sem_trace] Endpoint: crm.timeline.comment.add | HTTP: 400 | Erro:  | Descrição: Owner was not found
[2025-08-28 18:44:17] [sem_trace] [desconhecida] [Helpers\BitrixHelper::adicionarComentarioTimeline] - FALHA AO ADICIONAR COMENTÁRIO - EntityID: 5498, EntityType: T1054 - Erro: {"error":"OWNER_NOT_FOUND","error_description":"Owner was not found"}
[2025-08-28 18:49:19] [sem_trace] [desconhecida] [Helpers\BitrixHelper::chamarApi] - [sem_trace] Endpoint: crm.item.list | HTTP: 200 | Erro: 
[2025-08-28 18:49:19] [sem_trace] [desconhecida] [Helpers\BitrixHelper::chamarApi] - [sem_trace] Endpoint: crm.item.update | HTTP: 200 | Erro: 
[2025-08-28 18:49:20] [sem_trace] [desconhecida] [Helpers\BitrixHelper::chamarApi] - [sem_trace] Endpoint: crm.timeline.comment.add | HTTP: 200 | Erro: 
[2025-08-28 18:53:26] [sem_trace] [desconhecida] [Helpers\BitrixHelper::chamarApi] - [sem_trace] Endpoint: crm.item.list | HTTP: 200 | Erro: 
[2025-08-28 18:53:26] [sem_trace] [desconhecida] [Helpers\BitrixHelper::chamarApi] - [sem_trace] Endpoint: crm.item.update | HTTP: 200 | Erro: 
[2025-08-28 18:53:26] [sem_trace] [desconhecida] [Helpers\BitrixHelper::chamarApi] - [sem_trace] Endpoint: crm.timeline.comment.add | HTTP: 200 | Erro: 
[2025-08-28 18:55:09] [sem_trace] [desconhecida] [Helpers\BitrixHelper::chamarApi] - [sem_trace] Endpoint: crm.item.list | HTTP: 200 | Erro: 
[2025-08-28 18:55:09] [sem_trace] [desconhecida] [Helpers\BitrixHelper::chamarApi] - [sem_trace] Endpoint: crm.item.update | HTTP: 200 | Erro: 
[2025-08-28 18:55:10] [sem_trace] [desconhecida] [Helpers\BitrixHelper::chamarApi] - [sem_trace] Endpoint: crm.timeline.comment.add | HTTP: 200 | Erro: 
